2018/12/06 15:27:56 INFO  - jmeter.util.JMeterUtils: Setting Locale to de_DE 
2018/12/06 15:27:56 INFO  - jmeter.util.JMeterUtils: Could not find resources for 'de_DE', using 'de' 
2018/12/06 15:27:56 INFO  - jmeter.protocol.http.sampler.HTTPSamplerBase: Parser for text/html is org.apache.jmeter.protocol.http.parser.LagartoBasedHtmlParser 
2018/12/06 15:27:56 INFO  - jmeter.protocol.http.sampler.HTTPSamplerBase: Parser for application/xhtml+xml is org.apache.jmeter.protocol.http.parser.LagartoBasedHtmlParser 
2018/12/06 15:27:56 INFO  - jmeter.protocol.http.sampler.HTTPSamplerBase: Parser for application/xml is org.apache.jmeter.protocol.http.parser.LagartoBasedHtmlParser 
2018/12/06 15:27:56 INFO  - jmeter.protocol.http.sampler.HTTPSamplerBase: Parser for text/xml is org.apache.jmeter.protocol.http.parser.LagartoBasedHtmlParser 
2018/12/06 15:27:56 INFO  - jmeter.protocol.http.sampler.HTTPSamplerBase: Parser for text/vnd.wap.wml is org.apache.jmeter.protocol.http.parser.RegexpHTMLParser 
2018/12/06 15:27:56 INFO  - jmeter.protocol.http.sampler.HTTPSamplerBase: Parser for text/css is org.apache.jmeter.protocol.http.parser.CssParser 
2018/12/06 15:27:56 INFO  - jmeter.protocol.http.sampler.HTTPJavaImpl: Maximum connection retries = 0 
2018/12/06 15:27:56 INFO  - jmeter.engine.StandardJMeterEngine: Running the test! 
2018/12/06 15:28:00 INFO  - jmeter.samplers.SampleEvent: List of sample_variables: [] 
2018/12/06 15:28:00 INFO  - jmeter.samplers.SampleEvent: List of sample_variables: [] 
2018/12/06 15:28:00 INFO  - jmeter.engine.util.CompoundVariable: Note: Function class names must contain the string: '.functions.' 
2018/12/06 15:28:00 INFO  - jmeter.engine.util.CompoundVariable: Note: Function class names must not contain the string: '.gui.' 
2018/12/06 15:28:00 WARN  - jmeter.engine.util.CompoundVariable: Did not find any functions 
2018/12/06 15:28:00 INFO  - jmeter.engine.StandardJMeterEngine: Starting ThreadGroup: 1 :  
2018/12/06 15:28:00 INFO  - jmeter.engine.StandardJMeterEngine: Starting 1 threads for group . 
2018/12/06 15:28:00 INFO  - jmeter.engine.StandardJMeterEngine: Thread will continue on error 
2018/12/06 15:28:00 INFO  - jmeter.threads.ThreadGroup: Starting thread group number 1 threads 1 ramp-up 1 perThread 1000.0 delayedStart=false 
2018/12/06 15:28:00 INFO  - jmeter.threads.ThreadGroup: Started thread group number 1 
2018/12/06 15:28:00 INFO  - jmeter.engine.StandardJMeterEngine: All thread groups have been started 
2018/12/06 15:28:00 INFO  - jmeter.threads.JMeterThread: Thread started:  1-1 
2018/12/06 15:28:00 INFO  - jmeter.threads.JMeterThread: Thread is done:  1-1 
2018/12/06 15:28:00 INFO  - jmeter.threads.JMeterThread: Thread finished:  1-1 
2018/12/06 15:28:00 INFO  - jmeter.engine.StandardJMeterEngine: Notifying test listeners of end of test 
2018/12/06 15:28:00 INFO  - jmeter.services.FileServer: Default base='C:\Users\Johnny\Documents\JMeter\jmeterpoc' 
